<?xml version="1.0" encoding="UTF-8"?>
<!-- Generated by org.testng.reporters.JUnitReportReporter -->
<testsuite hostname="ANUKIRAN" failures="0" tests="2" name="testCase.AdminUsersTest" time="34.541" errors="0" timestamp="2024-10-28T10:25:25 EDT" skipped="0">
  <testcase classname="testCase.AdminUsersTest" name="verifyAddAdminUsers" time="13.005"/>
  <system-out/>
  <testcase classname="testCase.AdminUsersTest" name="verifyUserStatus" time="21.536"/>
  <system-out/>
</testsuite> <!-- testCase.AdminUsersTest -->
