<?xml version="1.0" encoding="UTF-8"?>
<!-- Generated by org.testng.reporters.JUnitReportReporter -->
<testsuite hostname="ANUKIRAN" failures="0" tests="3" name="testCase.SubCategoryTest" time="19.696" errors="0" timestamp="2024-10-26T20:12:58 EDT" skipped="0">
  <testcase classname="testCase.SubCategoryTest" name="verifyNewSubCategory" time="6.136"/>
  <system-out/>
  <testcase classname="testCase.SubCategoryTest" name="deleteSubCategory" time="7.130"/>
  <system-out/>
  <testcase classname="testCase.SubCategoryTest" name="updateSubCategory" time="6.430"/>
  <system-out/>
</testsuite> <!-- testCase.SubCategoryTest -->
