<?xml version="1.0" encoding="UTF-8"?>
<!-- Generated by org.testng.reporters.JUnitReportReporter -->
<testsuite hostname="ANUKIRAN" failures="0" tests="1" name="testCase.ManageContactTest" time="6.810" errors="0" timestamp="2024-10-26T20:11:30 EDT" skipped="0">
  <testcase classname="testCase.ManageContactTest" name="editContact" time="6.810"/>
  <system-out/>
</testsuite> <!-- testCase.ManageContactTest -->
