<?xml version="1.0" encoding="UTF-8"?>
<!-- Generated by org.testng.reporters.JUnitReportReporter -->
<testsuite hostname="ANUKIRAN" failures="0" tests="3" name="testCase.ManageNewsTest" time="20.447" errors="0" timestamp="2024-10-26T20:07:16 EDT" skipped="0">
  <testcase classname="testCase.ManageNewsTest" name="verifyAddedNews" time="9.680"/>
  <system-out/>
  <testcase classname="testCase.ManageNewsTest" name="verifyDeleteNews" time="4.910"/>
  <system-out/>
  <testcase classname="testCase.ManageNewsTest" name="verifyEditNews" time="5.857"/>
  <system-out/>
</testsuite> <!-- testCase.ManageNewsTest -->
