<?xml version="1.0" encoding="UTF-8"?>
<!-- Generated by org.testng.reporters.JUnitReportReporter -->
<testsuite hostname="ANUKIRAN" failures="0" tests="2" name="testCase.CategoryPageTest" time="12.520" errors="0" timestamp="2024-10-26T20:10:27 EDT" skipped="0">
  <testcase classname="testCase.CategoryPageTest" name="verifyEditCategory" time="6.472"/>
  <system-out/>
  <testcase classname="testCase.CategoryPageTest" name="verifyDeleteCategory" time="6.048"/>
  <system-out/>
</testsuite> <!-- testCase.CategoryPageTest -->
